mode: set
github.com/devify-me/devify-utils/encryption/encryption.go:45.53,46.56 1 1
github.com/devify-me/devify-utils/encryption/encryption.go:46.56,48.3 1 1
github.com/devify-me/devify-utils/encryption/encryption.go:49.2,49.35 1 1
github.com/devify-me/devify-utils/encryption/encryption.go:73.59,76.16 3 1
github.com/devify-me/devify-utils/encryption/encryption.go:76.16,78.3 1 1
github.com/devify-me/devify-utils/encryption/encryption.go:79.2,80.16 2 1
github.com/devify-me/devify-utils/encryption/encryption.go:80.16,82.3 1 0
github.com/devify-me/devify-utils/encryption/encryption.go:83.2,84.59 2 1
github.com/devify-me/devify-utils/encryption/encryption.go:84.59,86.3 1 0
github.com/devify-me/devify-utils/encryption/encryption.go:87.2,88.59 2 1
github.com/devify-me/devify-utils/encryption/encryption.go:114.65,116.16 2 1
github.com/devify-me/devify-utils/encryption/encryption.go:116.16,118.3 1 1
github.com/devify-me/devify-utils/encryption/encryption.go:119.2,120.16 2 1
github.com/devify-me/devify-utils/encryption/encryption.go:120.16,122.3 1 1
github.com/devify-me/devify-utils/encryption/encryption.go:123.2,124.16 2 1
github.com/devify-me/devify-utils/encryption/encryption.go:124.16,126.3 1 0
github.com/devify-me/devify-utils/encryption/encryption.go:127.2,127.33 1 1
github.com/devify-me/devify-utils/encryption/encryption.go:127.33,129.3 1 1
github.com/devify-me/devify-utils/encryption/encryption.go:130.2,132.16 3 1
github.com/devify-me/devify-utils/encryption/encryption.go:132.16,134.3 1 1
github.com/devify-me/devify-utils/encryption/encryption.go:135.2,135.31 1 1
github.com/devify-me/devify-utils/fileio/fileio.go:65.54,66.31 1 1
github.com/devify-me/devify-utils/fileio/fileio.go:66.31,68.3 1 1
github.com/devify-me/devify-utils/fileio/fileio.go:69.2,69.22 1 1
github.com/devify-me/devify-utils/fileio/fileio.go:69.22,71.3 1 1
github.com/devify-me/devify-utils/fileio/fileio.go:72.2,73.16 2 1
github.com/devify-me/devify-utils/fileio/fileio.go:73.16,74.25 1 1
github.com/devify-me/devify-utils/fileio/fileio.go:74.25,76.4 1 1
github.com/devify-me/devify-utils/fileio/fileio.go:77.3,77.13 1 0
github.com/devify-me/devify-utils/fileio/fileio.go:79.2,79.18 1 1
github.com/devify-me/devify-utils/fileio/fileio.go:79.18,81.3 1 1
github.com/devify-me/devify-utils/fileio/fileio.go:82.2,82.31 1 1
github.com/devify-me/devify-utils/fileio/fileio.go:82.31,84.3 1 1
github.com/devify-me/devify-utils/fileio/fileio.go:85.2,85.12 1 1
github.com/devify-me/devify-utils/fileio/fileio.go:109.55,110.31 1 1
github.com/devify-me/devify-utils/fileio/fileio.go:110.31,112.3 1 1
github.com/devify-me/devify-utils/fileio/fileio.go:113.2,113.22 1 1
github.com/devify-me/devify-utils/fileio/fileio.go:113.22,115.3 1 1
github.com/devify-me/devify-utils/fileio/fileio.go:116.2,116.31 1 1
github.com/devify-me/devify-utils/fileio/fileio.go:116.31,118.3 1 1
github.com/devify-me/devify-utils/fileio/fileio.go:119.2,119.12 1 1
github.com/devify-me/devify-utils/fileio/fileio.go:142.53,144.16 2 1
github.com/devify-me/devify-utils/fileio/fileio.go:144.16,146.3 1 1
github.com/devify-me/devify-utils/fileio/fileio.go:147.2,147.12 1 1
github.com/devify-me/devify-utils/filesystem/filesystem.go:44.35,47.2 2 1
github.com/devify-me/devify-utils/filesystem/filesystem.go:67.47,69.16 2 1
github.com/devify-me/devify-utils/filesystem/filesystem.go:69.16,71.3 1 0
github.com/devify-me/devify-utils/filesystem/filesystem.go:72.2,74.12 3 1
github.com/devify-me/devify-utils/filesystem/filesystem.go:96.66,97.31 1 1
github.com/devify-me/devify-utils/filesystem/filesystem.go:97.31,99.3 1 1
github.com/devify-me/devify-utils/filesystem/filesystem.go:100.2,100.22 1 1
github.com/devify-me/devify-utils/filesystem/filesystem.go:100.22,102.3 1 1
github.com/devify-me/devify-utils/filesystem/filesystem.go:103.2,104.16 2 1
github.com/devify-me/devify-utils/filesystem/filesystem.go:104.16,105.20 1 1
github.com/devify-me/devify-utils/filesystem/filesystem.go:105.20,107.4 1 1
github.com/devify-me/devify-utils/filesystem/filesystem.go:108.3,108.13 1 1
github.com/devify-me/devify-utils/filesystem/filesystem.go:110.2,110.25 1 1
github.com/devify-me/devify-utils/filesystem/filesystem.go:110.25,112.3 1 0
github.com/devify-me/devify-utils/filesystem/filesystem.go:113.2,114.19 2 1
github.com/devify-me/devify-utils/filesystem/filesystem.go:114.19,116.3 1 1
github.com/devify-me/devify-utils/filesystem/filesystem.go:117.2,117.36 1 1
github.com/devify-me/devify-utils/filesystem/filesystem.go:139.67,140.31 1 1
github.com/devify-me/devify-utils/filesystem/filesystem.go:140.31,142.3 1 1
github.com/devify-me/devify-utils/filesystem/filesystem.go:143.2,143.22 1 1
github.com/devify-me/devify-utils/filesystem/filesystem.go:143.22,145.3 1 1
github.com/devify-me/devify-utils/filesystem/filesystem.go:146.2,147.16 2 1
github.com/devify-me/devify-utils/filesystem/filesystem.go:147.16,148.19 1 1
github.com/devify-me/devify-utils/filesystem/filesystem.go:148.19,150.4 1 1
github.com/devify-me/devify-utils/filesystem/filesystem.go:151.3,151.13 1 1
github.com/devify-me/devify-utils/filesystem/filesystem.go:153.2,153.25 1 1
github.com/devify-me/devify-utils/filesystem/filesystem.go:153.25,155.3 1 0
github.com/devify-me/devify-utils/filesystem/filesystem.go:156.2,157.19 2 1
github.com/devify-me/devify-utils/filesystem/filesystem.go:157.19,159.3 1 1
github.com/devify-me/devify-utils/filesystem/filesystem.go:160.2,161.16 2 1
github.com/devify-me/devify-utils/filesystem/filesystem.go:161.16,163.3 1 0
github.com/devify-me/devify-utils/filesystem/filesystem.go:164.2,164.21 1 1
github.com/devify-me/devify-utils/filesystem/filesystem.go:182.50,183.34 1 1
github.com/devify-me/devify-utils/filesystem/filesystem.go:183.34,185.3 1 1
github.com/devify-me/devify-utils/filesystem/filesystem.go:186.2,187.20 2 1
github.com/devify-me/devify-utils/filesystem/filesystem.go:187.20,189.3 1 1
github.com/devify-me/devify-utils/filesystem/filesystem.go:190.2,190.17 1 1
github.com/devify-me/devify-utils/filesystem/filesystem.go:205.58,208.2 1 1
github.com/devify-me/devify-utils/filesystem/filesystem.go:231.56,232.20 1 1
github.com/devify-me/devify-utils/filesystem/filesystem.go:232.20,234.3 1 1
github.com/devify-me/devify-utils/filesystem/filesystem.go:236.2,237.36 2 1
github.com/devify-me/devify-utils/filesystem/filesystem.go:237.36,239.3 1 1
github.com/devify-me/devify-utils/filesystem/filesystem.go:241.2,241.43 1 1
github.com/devify-me/devify-utils/filesystem/filesystem.go:241.43,242.50 1 1
github.com/devify-me/devify-utils/filesystem/filesystem.go:242.50,244.4 1 1
github.com/devify-me/devify-utils/filesystem/filesystem.go:245.3,245.11 1 1
github.com/devify-me/devify-utils/filesystem/filesystem.go:248.2,257.60 4 1
github.com/devify-me/devify-utils/filesystem/filesystem.go:257.60,257.107 1 1
github.com/devify-me/devify-utils/filesystem/filesystem.go:257.109,259.3 1 1
github.com/devify-me/devify-utils/filesystem/filesystem.go:261.2,261.19 1 1
github.com/devify-me/devify-utils/filesystem/filesystem.go:261.19,263.3 1 1
github.com/devify-me/devify-utils/filesystem/filesystem.go:265.2,265.24 1 1
github.com/devify-me/devify-utils/filesystem/filesystem.go:265.24,268.22 3 1
github.com/devify-me/devify-utils/filesystem/filesystem.go:268.22,270.4 1 0
github.com/devify-me/devify-utils/filesystem/filesystem.go:271.3,271.39 1 1
github.com/devify-me/devify-utils/filesystem/filesystem.go:273.2,273.21 1 1
github.com/devify-me/devify-utils/filesystem/filesystem.go:294.41,297.2 2 1
github.com/devify-me/devify-utils/json/json.go:36.40,37.17 1 1
github.com/devify-me/devify-utils/json/json.go:37.17,39.3 1 1
github.com/devify-me/devify-utils/json/json.go:40.2,41.16 2 1
github.com/devify-me/devify-utils/json/json.go:41.16,43.3 1 1
github.com/devify-me/devify-utils/json/json.go:44.2,44.22 1 1
github.com/devify-me/devify-utils/json/json.go:44.22,46.3 1 1
github.com/devify-me/devify-utils/json/json.go:47.2,47.20 1 1
github.com/devify-me/devify-utils/json/json.go:72.45,73.20 1 1
github.com/devify-me/devify-utils/json/json.go:73.20,75.3 1 1
github.com/devify-me/devify-utils/json/json.go:76.2,76.17 1 1
github.com/devify-me/devify-utils/json/json.go:76.17,78.3 1 1
github.com/devify-me/devify-utils/json/json.go:79.2,79.35 1 1
github.com/devify-me/devify-utils/json/json.go:103.44,104.63 1 1
github.com/devify-me/devify-utils/json/json.go:104.63,106.3 1 1
github.com/devify-me/devify-utils/json/json.go:107.2,108.16 2 1
github.com/devify-me/devify-utils/json/json.go:108.16,110.3 1 0
github.com/devify-me/devify-utils/json/json.go:111.2,111.20 1 1
github.com/devify-me/devify-utils/json/json.go:111.20,113.3 1 1
github.com/devify-me/devify-utils/json/json.go:114.2,114.30 1 1
github.com/devify-me/devify-utils/json/json.go:140.66,141.64 1 1
github.com/devify-me/devify-utils/json/json.go:141.64,143.3 1 1
github.com/devify-me/devify-utils/json/json.go:144.2,145.16 2 1
github.com/devify-me/devify-utils/json/json.go:145.16,147.3 1 1
github.com/devify-me/devify-utils/json/json.go:148.2,148.54 1 1
github.com/devify-me/devify-utils/json/json.go:148.54,150.3 1 0
github.com/devify-me/devify-utils/json/json.go:151.2,152.19 2 1
github.com/devify-me/devify-utils/json/json.go:152.19,154.3 1 1
github.com/devify-me/devify-utils/json/json.go:155.2,155.45 1 1
github.com/devify-me/devify-utils/performance/performance.go:19.52,23.2 3 1
github.com/devify-me/devify-utils/performance/performance.go:26.40,28.27 2 0
github.com/devify-me/devify-utils/performance/performance.go:28.27,30.3 1 0
github.com/devify-me/devify-utils/performance/performance.go:34.46,35.27 1 0
github.com/devify-me/devify-utils/performance/performance.go:35.27,37.3 1 0
github.com/devify-me/devify-utils/performance/performance.go:41.42,42.27 1 0
github.com/devify-me/devify-utils/performance/performance.go:42.27,44.3 1 0
github.com/devify-me/devify-utils/random/random.go:38.54,39.11 1 1
github.com/devify-me/devify-utils/random/random.go:39.11,41.3 1 1
github.com/devify-me/devify-utils/random/random.go:43.2,44.30 2 1
github.com/devify-me/devify-utils/random/random.go:44.30,46.3 1 1
github.com/devify-me/devify-utils/random/random.go:47.2,47.21 1 1
github.com/devify-me/devify-utils/random/random.go:47.21,49.3 1 1
github.com/devify-me/devify-utils/random/random.go:50.2,51.19 2 1
github.com/devify-me/devify-utils/random/random.go:51.19,53.17 2 1
github.com/devify-me/devify-utils/random/random.go:53.17,56.12 2 0
github.com/devify-me/devify-utils/random/random.go:58.3,58.28 1 1
github.com/devify-me/devify-utils/random/random.go:60.2,60.18 1 1
github.com/devify-me/devify-utils/random/random.go:83.37,84.15 1 1
github.com/devify-me/devify-utils/random/random.go:84.15,86.3 1 0
github.com/devify-me/devify-utils/random/random.go:88.2,91.16 3 1
github.com/devify-me/devify-utils/random/random.go:91.16,93.3 1 0
github.com/devify-me/devify-utils/random/random.go:95.2,95.34 1 1
github.com/devify-me/devify-utils/random/random.go:118.33,119.11 1 1
github.com/devify-me/devify-utils/random/random.go:119.11,121.3 1 1
github.com/devify-me/devify-utils/random/random.go:123.2,126.16 4 1
github.com/devify-me/devify-utils/random/random.go:126.16,128.3 1 0
github.com/devify-me/devify-utils/random/random.go:130.2,131.21 2 1
github.com/devify-me/devify-utils/random/random.go:131.21,133.3 1 1
github.com/devify-me/devify-utils/random/random.go:134.2,134.20 1 1
github.com/devify-me/devify-utils/random/random.go:157.36,158.11 1 1
github.com/devify-me/devify-utils/random/random.go:158.11,160.3 1 1
github.com/devify-me/devify-utils/random/random.go:163.2,166.16 4 1
github.com/devify-me/devify-utils/random/random.go:166.16,168.3 1 0
github.com/devify-me/devify-utils/random/random.go:170.2,171.21 2 1
github.com/devify-me/devify-utils/random/random.go:171.21,173.3 1 1
github.com/devify-me/devify-utils/random/random.go:174.2,174.20 1 1
github.com/devify-me/devify-utils/random/random.go:193.29,195.16 2 1
github.com/devify-me/devify-utils/random/random.go:195.16,197.3 1 0
github.com/devify-me/devify-utils/random/random.go:198.2,198.25 1 1
github.com/devify-me/devify-utils/random/random.go:222.49,223.15 1 1
github.com/devify-me/devify-utils/random/random.go:223.15,225.3 1 0
github.com/devify-me/devify-utils/random/random.go:226.2,226.40 1 1
github.com/devify-me/devify-utils/random/random.go:226.40,228.3 1 0
github.com/devify-me/devify-utils/random/random.go:229.2,229.46 1 1
github.com/devify-me/devify-utils/random/random.go:229.46,231.3 1 0
github.com/devify-me/devify-utils/random/random.go:232.2,232.16 1 1
github.com/devify-me/devify-utils/random/random.go:232.16,234.3 1 1
github.com/devify-me/devify-utils/random/random.go:236.2,238.16 3 1
github.com/devify-me/devify-utils/random/random.go:238.16,240.3 1 0
github.com/devify-me/devify-utils/random/random.go:241.2,243.38 2 1
github.com/devify-me/devify-utils/random/random.go:261.33,262.11 1 1
github.com/devify-me/devify-utils/random/random.go:262.11,264.3 1 1
github.com/devify-me/devify-utils/random/random.go:265.2,265.84 1 1
github.com/devify-me/devify-utils/random/random.go:284.30,287.16 3 1
github.com/devify-me/devify-utils/random/random.go:287.16,289.3 1 0
github.com/devify-me/devify-utils/random/random.go:290.2,290.25 1 1
github.com/devify-me/devify-utils/random/random.go:313.45,314.21 1 1
github.com/devify-me/devify-utils/random/random.go:314.21,316.3 1 0
github.com/devify-me/devify-utils/random/random.go:317.2,318.16 2 1
github.com/devify-me/devify-utils/random/random.go:318.16,320.3 1 0
github.com/devify-me/devify-utils/random/random.go:321.2,321.24 1 1
github.com/devify-me/devify-utils/csv/csv.go:33.44,34.62 1 1
github.com/devify-me/devify-utils/csv/csv.go:34.62,36.3 1 1
github.com/devify-me/devify-utils/csv/csv.go:37.2,38.16 2 1
github.com/devify-me/devify-utils/csv/csv.go:38.16,40.3 1 0
github.com/devify-me/devify-utils/csv/csv.go:41.2,44.16 4 1
github.com/devify-me/devify-utils/csv/csv.go:44.16,46.3 1 1
github.com/devify-me/devify-utils/csv/csv.go:47.2,47.23 1 1
github.com/devify-me/devify-utils/csv/csv.go:47.23,49.3 1 1
github.com/devify-me/devify-utils/csv/csv.go:50.2,51.9 2 1
github.com/devify-me/devify-utils/csv/csv.go:51.9,53.3 1 1
github.com/devify-me/devify-utils/csv/csv.go:54.2,55.12 2 1
github.com/devify-me/devify-utils/csv/csv.go:79.66,80.63 1 1
github.com/devify-me/devify-utils/csv/csv.go:80.63,82.3 1 1
github.com/devify-me/devify-utils/csv/csv.go:83.2,84.9 2 1
github.com/devify-me/devify-utils/csv/csv.go:84.9,86.3 1 1
github.com/devify-me/devify-utils/csv/csv.go:87.2,87.23 1 1
github.com/devify-me/devify-utils/csv/csv.go:87.23,89.3 1 1
github.com/devify-me/devify-utils/csv/csv.go:90.2,90.54 1 1
github.com/devify-me/devify-utils/csv/csv.go:90.54,92.3 1 0
github.com/devify-me/devify-utils/csv/csv.go:93.2,94.19 2 1
github.com/devify-me/devify-utils/csv/csv.go:94.19,96.3 1 1
github.com/devify-me/devify-utils/csv/csv.go:97.2,98.16 2 1
github.com/devify-me/devify-utils/csv/csv.go:98.16,100.3 1 0
github.com/devify-me/devify-utils/csv/csv.go:101.2,103.49 3 1
github.com/devify-me/devify-utils/csv/csv.go:103.49,105.3 1 0
github.com/devify-me/devify-utils/csv/csv.go:106.2,107.23 2 1
github.com/devify-me/devify-utils/csv/csv.go:130.40,132.9 2 1
github.com/devify-me/devify-utils/csv/csv.go:132.9,134.3 1 1
github.com/devify-me/devify-utils/csv/csv.go:135.2,135.23 1 1
github.com/devify-me/devify-utils/csv/csv.go:135.23,137.3 1 1
github.com/devify-me/devify-utils/csv/csv.go:138.2,140.49 3 1
github.com/devify-me/devify-utils/csv/csv.go:140.49,142.3 1 0
github.com/devify-me/devify-utils/csv/csv.go:143.2,144.39 2 1
github.com/devify-me/devify-utils/csv/csv.go:144.39,146.3 1 0
github.com/devify-me/devify-utils/csv/csv.go:147.2,147.25 1 1
github.com/devify-me/devify-utils/csv/csv.go:172.45,173.20 1 1
github.com/devify-me/devify-utils/csv/csv.go:173.20,175.3 1 1
github.com/devify-me/devify-utils/csv/csv.go:176.2,177.9 2 1
github.com/devify-me/devify-utils/csv/csv.go:177.9,179.3 1 1
github.com/devify-me/devify-utils/csv/csv.go:180.2,182.16 3 1
github.com/devify-me/devify-utils/csv/csv.go:182.16,184.3 1 1
github.com/devify-me/devify-utils/csv/csv.go:185.2,185.23 1 1
github.com/devify-me/devify-utils/csv/csv.go:185.23,187.3 1 0
github.com/devify-me/devify-utils/csv/csv.go:188.2,189.12 2 1
github.com/devify-me/devify-utils/yaml/yaml.go:40.40,41.17 1 1
github.com/devify-me/devify-utils/yaml/yaml.go:41.17,43.3 1 1
github.com/devify-me/devify-utils/yaml/yaml.go:44.2,46.9 3 1
github.com/devify-me/devify-utils/yaml/yaml.go:46.9,47.16 1 1
github.com/devify-me/devify-utils/yaml/yaml.go:47.16,48.32 1 1
github.com/devify-me/devify-utils/yaml/yaml.go:48.32,50.5 1 1
github.com/devify-me/devify-utils/yaml/yaml.go:52.3,52.37 1 1
github.com/devify-me/devify-utils/yaml/yaml.go:54.2,54.16 1 1
github.com/devify-me/devify-utils/yaml/yaml.go:54.16,56.3 1 1
github.com/devify-me/devify-utils/yaml/yaml.go:57.2,57.20 1 1
github.com/devify-me/devify-utils/yaml/yaml.go:82.45,83.20 1 1
github.com/devify-me/devify-utils/yaml/yaml.go:83.20,85.3 1 1
github.com/devify-me/devify-utils/yaml/yaml.go:86.2,86.17 1 1
github.com/devify-me/devify-utils/yaml/yaml.go:86.17,88.3 1 1
github.com/devify-me/devify-utils/yaml/yaml.go:89.2,89.37 1 1
github.com/devify-me/devify-utils/yaml/yaml.go:114.44,115.31 1 1
github.com/devify-me/devify-utils/yaml/yaml.go:115.31,117.3 1 1
github.com/devify-me/devify-utils/yaml/yaml.go:118.2,118.22 1 1
github.com/devify-me/devify-utils/yaml/yaml.go:118.22,120.3 1 1
github.com/devify-me/devify-utils/yaml/yaml.go:121.2,121.17 1 1
github.com/devify-me/devify-utils/yaml/yaml.go:121.17,123.3 1 1
github.com/devify-me/devify-utils/yaml/yaml.go:124.2,125.59 2 1
github.com/devify-me/devify-utils/yaml/yaml.go:125.59,127.3 1 1
github.com/devify-me/devify-utils/yaml/yaml.go:128.2,128.37 1 1
github.com/devify-me/devify-utils/yaml/yaml.go:128.37,130.3 1 1
github.com/devify-me/devify-utils/yaml/yaml.go:131.2,132.16 2 1
github.com/devify-me/devify-utils/yaml/yaml.go:132.16,134.3 1 0
github.com/devify-me/devify-utils/yaml/yaml.go:135.2,135.20 1 1
github.com/devify-me/devify-utils/yaml/yaml.go:135.20,137.3 1 1
github.com/devify-me/devify-utils/yaml/yaml.go:138.2,138.30 1 1
github.com/devify-me/devify-utils/yaml/yaml.go:165.66,166.31 1 1
github.com/devify-me/devify-utils/yaml/yaml.go:166.31,168.3 1 1
github.com/devify-me/devify-utils/yaml/yaml.go:169.2,169.22 1 1
github.com/devify-me/devify-utils/yaml/yaml.go:169.22,171.3 1 1
github.com/devify-me/devify-utils/yaml/yaml.go:172.2,173.37 2 1
github.com/devify-me/devify-utils/yaml/yaml.go:173.37,175.3 1 1
github.com/devify-me/devify-utils/yaml/yaml.go:176.2,176.60 1 1
github.com/devify-me/devify-utils/yaml/yaml.go:176.60,178.3 1 0
github.com/devify-me/devify-utils/yaml/yaml.go:179.2,180.16 2 1
github.com/devify-me/devify-utils/yaml/yaml.go:180.16,182.3 1 1
github.com/devify-me/devify-utils/yaml/yaml.go:183.2,183.54 1 1
github.com/devify-me/devify-utils/yaml/yaml.go:183.54,185.3 1 0
github.com/devify-me/devify-utils/yaml/yaml.go:186.2,187.19 2 1
github.com/devify-me/devify-utils/yaml/yaml.go:187.19,189.3 1 1
github.com/devify-me/devify-utils/yaml/yaml.go:190.2,190.45 1 1
github.com/devify-me/devify-utils/xml/xml.go:41.40,42.17 1 1
github.com/devify-me/devify-utils/xml/xml.go:42.17,44.3 1 1
github.com/devify-me/devify-utils/xml/xml.go:45.2,46.16 2 1
github.com/devify-me/devify-utils/xml/xml.go:46.16,48.3 1 1
github.com/devify-me/devify-utils/xml/xml.go:49.2,49.22 1 1
github.com/devify-me/devify-utils/xml/xml.go:49.22,51.3 1 0
github.com/devify-me/devify-utils/xml/xml.go:53.2,54.39 2 1
github.com/devify-me/devify-utils/xml/xml.go:83.45,84.20 1 1
github.com/devify-me/devify-utils/xml/xml.go:84.20,86.3 1 1
github.com/devify-me/devify-utils/xml/xml.go:87.2,87.17 1 1
github.com/devify-me/devify-utils/xml/xml.go:87.17,89.3 1 1
github.com/devify-me/devify-utils/xml/xml.go:90.2,90.34 1 1
github.com/devify-me/devify-utils/xml/xml.go:118.44,119.62 1 1
github.com/devify-me/devify-utils/xml/xml.go:119.62,121.3 1 1
github.com/devify-me/devify-utils/xml/xml.go:122.2,123.16 2 1
github.com/devify-me/devify-utils/xml/xml.go:123.16,125.3 1 0
github.com/devify-me/devify-utils/xml/xml.go:126.2,126.20 1 1
github.com/devify-me/devify-utils/xml/xml.go:126.20,128.3 1 1
github.com/devify-me/devify-utils/xml/xml.go:129.2,129.30 1 1
github.com/devify-me/devify-utils/xml/xml.go:159.66,160.63 1 1
github.com/devify-me/devify-utils/xml/xml.go:160.63,162.3 1 1
github.com/devify-me/devify-utils/xml/xml.go:163.2,164.16 2 1
github.com/devify-me/devify-utils/xml/xml.go:164.16,166.3 1 1
github.com/devify-me/devify-utils/xml/xml.go:167.2,167.54 1 1
github.com/devify-me/devify-utils/xml/xml.go:167.54,169.3 1 0
github.com/devify-me/devify-utils/xml/xml.go:170.2,171.19 2 1
github.com/devify-me/devify-utils/xml/xml.go:171.19,173.3 1 1
github.com/devify-me/devify-utils/xml/xml.go:174.2,174.45 1 1
github.com/devify-me/devify-utils/upload/upload.go:68.47,69.14 1 1
github.com/devify-me/devify-utils/upload/upload.go:69.14,71.3 1 0
github.com/devify-me/devify-utils/upload/upload.go:72.2,73.44 2 1
github.com/devify-me/devify-utils/upload/upload.go:73.44,75.3 1 0
github.com/devify-me/devify-utils/upload/upload.go:76.2,76.39 1 1
github.com/devify-me/devify-utils/upload/upload.go:111.109,112.66 1 1
github.com/devify-me/devify-utils/upload/upload.go:112.66,114.3 1 0
github.com/devify-me/devify-utils/upload/upload.go:115.2,115.66 1 1
github.com/devify-me/devify-utils/upload/upload.go:115.66,117.3 1 0
github.com/devify-me/devify-utils/upload/upload.go:118.2,119.51 2 1
github.com/devify-me/devify-utils/upload/upload.go:119.51,120.38 1 1
github.com/devify-me/devify-utils/upload/upload.go:120.38,121.55 1 1
github.com/devify-me/devify-utils/upload/upload.go:121.55,123.19 2 1
github.com/devify-me/devify-utils/upload/upload.go:123.19,125.6 1 0
github.com/devify-me/devify-utils/upload/upload.go:126.5,127.30 2 1
github.com/devify-me/devify-utils/upload/upload.go:127.30,129.6 1 0
github.com/devify-me/devify-utils/upload/upload.go:130.5,130.36 1 1
github.com/devify-me/devify-utils/upload/upload.go:130.36,132.6 1 1
github.com/devify-me/devify-utils/upload/upload.go:133.5,134.19 2 1
github.com/devify-me/devify-utils/upload/upload.go:134.19,136.6 1 0
github.com/devify-me/devify-utils/upload/upload.go:137.5,138.15 2 1
github.com/devify-me/devify-utils/upload/upload.go:138.15,140.20 2 1
github.com/devify-me/devify-utils/upload/upload.go:140.20,142.7 1 0
github.com/devify-me/devify-utils/upload/upload.go:143.6,143.56 1 1
github.com/devify-me/devify-utils/upload/upload.go:144.11,146.6 1 1
github.com/devify-me/devify-utils/upload/upload.go:147.5,149.19 3 1
github.com/devify-me/devify-utils/upload/upload.go:149.19,151.6 1 0
github.com/devify-me/devify-utils/upload/upload.go:152.5,154.19 3 1
github.com/devify-me/devify-utils/upload/upload.go:154.19,156.6 1 0
github.com/devify-me/devify-utils/upload/upload.go:157.5,165.59 2 1
github.com/devify-me/devify-utils/upload/upload.go:165.59,167.6 1 1
github.com/devify-me/devify-utils/upload/upload.go:168.5,168.30 1 1
github.com/devify-me/devify-utils/upload/upload.go:170.4,170.18 1 1
github.com/devify-me/devify-utils/upload/upload.go:170.18,172.5 1 1
github.com/devify-me/devify-utils/upload/upload.go:173.4,173.56 1 1
github.com/devify-me/devify-utils/upload/upload.go:176.2,176.29 1 1
github.com/devify-me/devify-utils/upload/upload.go:176.29,178.3 1 1
github.com/devify-me/devify-utils/upload/upload.go:179.2,179.27 1 1
github.com/devify-me/devify-utils/upload/upload.go:211.110,213.16 2 1
github.com/devify-me/devify-utils/upload/upload.go:213.16,215.3 1 1
github.com/devify-me/devify-utils/upload/upload.go:216.2,216.21 1 1
github.com/devify-me/devify-utils/upload/upload.go:216.21,218.3 1 1
github.com/devify-me/devify-utils/upload/upload.go:219.2,219.23 1 1
github.com/devify-me/devify-utils/upload/upload.go:242.73,245.2 2 1
github.com/devify-me/devify-utils/sanitize/sanitize.go:38.43,41.26 2 1
github.com/devify-me/devify-utils/sanitize/sanitize.go:41.26,42.28 1 1
github.com/devify-me/devify-utils/sanitize/sanitize.go:42.28,44.4 1 1
github.com/devify-me/devify-utils/sanitize/sanitize.go:46.2,53.18 6 1
github.com/devify-me/devify-utils/sanitize/sanitize.go:53.18,55.3 1 1
github.com/devify-me/devify-utils/sanitize/sanitize.go:56.2,56.20 1 1
github.com/devify-me/devify-utils/sanitize/sanitize.go:79.45,81.16 2 1
github.com/devify-me/devify-utils/sanitize/sanitize.go:81.16,83.3 1 1
github.com/devify-me/devify-utils/sanitize/sanitize.go:85.2,86.40 2 1
github.com/devify-me/devify-utils/sanitize/sanitize.go:86.40,88.3 1 1
github.com/devify-me/devify-utils/sanitize/sanitize.go:89.2,89.20 1 1
github.com/devify-me/devify-utils/sanitize/sanitize.go:111.44,118.34 4 1
github.com/devify-me/devify-utils/sanitize/sanitize.go:118.34,120.3 1 1
github.com/devify-me/devify-utils/sanitize/sanitize.go:122.2,123.20 2 1
github.com/devify-me/devify-utils/sanitize/sanitize.go:123.20,125.3 1 1
github.com/devify-me/devify-utils/sanitize/sanitize.go:127.2,127.29 1 1
github.com/devify-me/devify-utils/sanitize/sanitize.go:127.29,129.3 1 1
github.com/devify-me/devify-utils/sanitize/sanitize.go:130.2,130.17 1 1
github.com/devify-me/devify-utils/sanitize/sanitize.go:154.48,156.21 1 1
github.com/devify-me/devify-utils/sanitize/sanitize.go:156.21,158.3 1 1
github.com/devify-me/devify-utils/sanitize/sanitize.go:160.2,164.16 4 1
github.com/devify-me/devify-utils/sanitize/sanitize.go:164.16,166.3 1 1
github.com/devify-me/devify-utils/sanitize/sanitize.go:168.2,173.60 2 1
github.com/devify-me/devify-utils/sanitize/sanitize.go:173.60,173.97 1 1
github.com/devify-me/devify-utils/sanitize/sanitize.go:173.99,175.3 1 1
github.com/devify-me/devify-utils/sanitize/sanitize.go:177.2,180.39 3 1
github.com/devify-me/devify-utils/sanitize/sanitize.go:180.39,181.25 1 1
github.com/devify-me/devify-utils/sanitize/sanitize.go:181.25,183.4 1 0
github.com/devify-me/devify-utils/sanitize/sanitize.go:184.3,184.11 1 1
github.com/devify-me/devify-utils/sanitize/sanitize.go:187.2,190.16 3 1
github.com/devify-me/devify-utils/sanitize/sanitize.go:190.16,192.3 1 1
github.com/devify-me/devify-utils/sanitize/sanitize.go:194.2,196.15 3 1
github.com/devify-me/devify-utils/sanitize/sanitize.go:196.15,198.17 2 1
github.com/devify-me/devify-utils/sanitize/sanitize.go:198.17,200.4 1 0
github.com/devify-me/devify-utils/sanitize/sanitize.go:201.8,203.3 1 1
github.com/devify-me/devify-utils/sanitize/sanitize.go:205.2,207.25 2 1
github.com/devify-me/devify-utils/sanitize/sanitize.go:207.25,209.3 1 1
github.com/devify-me/devify-utils/sanitize/sanitize.go:211.2,211.39 1 1
github.com/devify-me/devify-utils/sanitize/sanitize.go:211.39,213.3 1 0
github.com/devify-me/devify-utils/sanitize/sanitize.go:214.2,214.22 1 1
github.com/devify-me/devify-utils/sanitize/sanitize.go:238.46,243.19 3 1
github.com/devify-me/devify-utils/sanitize/sanitize.go:243.19,245.3 1 1
github.com/devify-me/devify-utils/sanitize/sanitize.go:247.2,247.37 1 1
github.com/devify-me/devify-utils/sanitize/sanitize.go:247.37,249.3 1 1
github.com/devify-me/devify-utils/sanitize/sanitize.go:251.2,254.42 3 1
github.com/devify-me/devify-utils/sanitize/sanitize.go:254.42,255.25 1 1
github.com/devify-me/devify-utils/sanitize/sanitize.go:255.25,257.4 1 0
github.com/devify-me/devify-utils/sanitize/sanitize.go:258.3,258.11 1 1
github.com/devify-me/devify-utils/sanitize/sanitize.go:261.2,264.19 3 1
github.com/devify-me/devify-utils/sanitize/sanitize.go:264.19,266.3 1 1
github.com/devify-me/devify-utils/sanitize/sanitize.go:268.2,268.24 1 1
github.com/devify-me/devify-utils/sanitize/sanitize.go:268.24,270.3 1 1
github.com/devify-me/devify-utils/sanitize/sanitize.go:271.2,271.21 1 1
github.com/devify-me/devify-utils/sanitize/sanitize.go:296.55,302.16 4 1
github.com/devify-me/devify-utils/sanitize/sanitize.go:302.16,304.3 1 1
github.com/devify-me/devify-utils/sanitize/sanitize.go:305.2,310.34 5 1
github.com/devify-me/devify-utils/sanitize/sanitize.go:310.34,311.17 1 1
github.com/devify-me/devify-utils/sanitize/sanitize.go:311.17,312.12 1 1
github.com/devify-me/devify-utils/sanitize/sanitize.go:314.3,316.34 3 1
github.com/devify-me/devify-utils/sanitize/sanitize.go:316.34,318.4 1 1
github.com/devify-me/devify-utils/sanitize/sanitize.go:318.9,318.62 1 1
github.com/devify-me/devify-utils/sanitize/sanitize.go:318.62,320.4 1 1
github.com/devify-me/devify-utils/sanitize/sanitize.go:320.9,322.4 1 1
github.com/devify-me/devify-utils/sanitize/sanitize.go:323.3,323.17 1 1
github.com/devify-me/devify-utils/sanitize/sanitize.go:323.17,324.12 1 1
github.com/devify-me/devify-utils/sanitize/sanitize.go:326.3,326.59 1 1
github.com/devify-me/devify-utils/sanitize/sanitize.go:329.2,331.25 3 1
github.com/devify-me/devify-utils/sanitize/sanitize.go:331.25,333.3 1 1
github.com/devify-me/devify-utils/sanitize/sanitize.go:335.2,336.11 2 1
github.com/devify-me/devify-utils/sanitize/sanitize.go:336.11,338.3 1 1
github.com/devify-me/devify-utils/sanitize/sanitize.go:338.8,340.3 1 1
github.com/devify-me/devify-utils/sanitize/sanitize.go:342.2,342.82 1 1
github.com/devify-me/devify-utils/sanitize/sanitize.go:342.82,344.3 1 1
github.com/devify-me/devify-utils/sanitize/sanitize.go:346.2,346.14 1 1
github.com/devify-me/devify-utils/sanitize/sanitize.go:346.14,348.67 2 1
github.com/devify-me/devify-utils/sanitize/sanitize.go:348.67,350.4 1 1
github.com/devify-me/devify-utils/sanitize/sanitize.go:350.9,350.78 1 1
github.com/devify-me/devify-utils/sanitize/sanitize.go:350.78,352.4 1 0
github.com/devify-me/devify-utils/sanitize/sanitize.go:355.2,355.27 1 1
github.com/devify-me/devify-utils/sanitize/sanitize.go:355.27,357.3 1 1
github.com/devify-me/devify-utils/sanitize/sanitize.go:359.2,359.49 1 1
github.com/devify-me/devify-utils/sanitize/sanitize.go:359.49,361.3 1 1
github.com/devify-me/devify-utils/sanitize/sanitize.go:362.2,362.23 1 1
github.com/devify-me/devify-utils/sanitize/sanitize.go:386.65,388.30 2 1
github.com/devify-me/devify-utils/sanitize/sanitize.go:388.30,390.3 1 1
github.com/devify-me/devify-utils/sanitize/sanitize.go:392.2,393.26 2 1
github.com/devify-me/devify-utils/sanitize/sanitize.go:393.26,394.28 1 1
github.com/devify-me/devify-utils/sanitize/sanitize.go:394.28,396.4 1 1
github.com/devify-me/devify-utils/sanitize/sanitize.go:398.2,399.18 2 1
github.com/devify-me/devify-utils/sanitize/sanitize.go:399.18,401.3 1 1
github.com/devify-me/devify-utils/sanitize/sanitize.go:403.2,404.35 2 1
github.com/devify-me/devify-utils/sanitize/sanitize.go:404.35,406.3 1 1
github.com/devify-me/devify-utils/sanitize/sanitize.go:408.2,408.131 1 1
github.com/devify-me/devify-utils/sanitize/sanitize.go:408.131,410.3 1 1
github.com/devify-me/devify-utils/sanitize/sanitize.go:411.2,411.20 1 1
github.com/devify-me/devify-utils/sanitize/sanitize.go:432.41,435.2 2 1
